<?xml version="1.0" encoding="UTF-8"?>
<!-- Generated by org.testng.reporters.JUnitReportReporter -->
<testsuite hostname="LAPTOP-IKMKL6D0" failures="0" tests="4" name="aug11.demo6" time="0.018" errors="0" timestamp="2023-08-11T15:48:18 IST" skipped="0">
  <testcase classname="aug11.demo6" name="Bannana" time="0.012"/>
  <testcase classname="aug11.demo6" name="Apple" time="0.002"/>
  <testcase classname="aug11.demo6" name="Mango" time="0.002"/>
  <testcase classname="aug11.demo6" name="Papaya" time="0.002"/>
</testsuite> <!-- aug11.demo6 -->
