<?xml version="1.0" encoding="UTF-8"?>
<!-- Generated by org.testng.reporters.JUnitReportReporter -->
<testsuite hostname="LAPTOP-IKMKL6D0" failures="0" tests="4" name="aug11.demo2" time="0.046" errors="0" timestamp="2023-08-11T15:26:40 IST" skipped="0">
  <testcase classname="aug11.demo2" name="f0x" time="0.017"/>
  <testcase classname="aug11.demo2" name="f0x" time="0.005"/>
  <testcase classname="aug11.demo2" name="siva" time="0.022"/>
  <testcase classname="aug11.demo2" name="siva" time="0.002"/>
</testsuite> <!-- aug11.demo2 -->
