<?xml version="1.0" encoding="UTF-8"?>
<!-- Generated by org.testng.reporters.JUnitReportReporter -->
<testsuite hostname="LAPTOP-IKMKL6D0" failures="0" tests="1" name="aug11.demo5" time="0.014" errors="0" timestamp="2023-08-11T15:26:40 IST" skipped="0">
  <testcase classname="aug11.demo5" name="f" time="0.014"/>
</testsuite> <!-- aug11.demo5 -->
