<?xml version="1.0" encoding="UTF-8"?>
<!-- Generated by org.testng.reporters.JUnitReportReporter -->
<testsuite hostname="LAPTOP-IKMKL6D0" failures="0" tests="2" name="aug11.demo1" time="0.016" errors="0" timestamp="2023-08-11T11:44:50 IST" skipped="0">
  <testcase classname="aug11.demo1" name="f" time="0.013"/>
  <testcase classname="aug11.demo1" name="siva" time="0.003"/>
</testsuite> <!-- aug11.demo1 -->
