<?xml version="1.0" encoding="UTF-8"?>
<!-- Generated by org.testng.reporters.JUnitReportReporter -->
<testsuite hostname="LAPTOP-IKMKL6D0" failures="0" tests="3" name="seleniumtestng.Demo1" time="16.766" errors="0" timestamp="2023-08-18T18:10:08 IST" skipped="0">
  <testcase classname="seleniumtestng.Demo1" name="f" time="6.073"/>
  <testcase classname="seleniumtestng.Demo1" name="f3" time="9.874"/>
  <testcase classname="seleniumtestng.Demo1" name="f2" time="0.819"/>
</testsuite> <!-- seleniumtestng.Demo1 -->
