<?xml version="1.0" encoding="UTF-8"?>
<!-- Generated by org.testng.reporters.JUnitReportReporter -->
<testsuite hostname="LAPTOP-IKMKL6D0" failures="0" tests="3" name="aug12.Demo1" time="0.000" errors="0" timestamp="2023-08-15T11:00:12 IST" skipped="3">
  <testcase classname="aug12.Demo1" name="f2" time="0.000">
    <skipped/>
  </testcase> <!-- f2 -->
  <testcase classname="aug12.Demo1" name="f" time="0.000">
    <skipped/>
  </testcase> <!-- f -->
  <testcase classname="aug12.Demo1" name="f3" time="0.000">
    <skipped/>
  </testcase> <!-- f3 -->
</testsuite> <!-- aug12.Demo1 -->
