<?xml version="1.0" encoding="UTF-8"?>
<!-- Generated by org.testng.reporters.JUnitReportReporter -->
<testsuite hostname="LAPTOP-IKMKL6D0" failures="0" tests="4" name="aug11.demo7" time="0.021" errors="0" timestamp="2023-08-11T15:52:19 IST" skipped="0">
  <testcase classname="aug11.demo7" name="f" time="0.003"/>
  <testcase classname="aug11.demo7" name="Mango" time="0.002"/>
  <testcase classname="aug11.demo7" name="Papaya" time="0.002"/>
  <testcase classname="aug11.demo7" name="Bannana" time="0.014"/>
</testsuite> <!-- aug11.demo7 -->
