<?xml version="1.0" encoding="UTF-8"?>
<!-- Generated by org.testng.reporters.JUnitReportReporter -->
<testsuite hostname="LAPTOP-IKMKL6D0" failures="0" tests="2" name="aug11.demo4" time="0.014" errors="0" timestamp="2023-08-11T15:26:40 IST" skipped="0">
  <testcase classname="aug11.demo4" name="f" time="0.003"/>
  <testcase classname="aug11.demo4" name="f" time="0.011"/>
</testsuite> <!-- aug11.demo4 -->
